<?xml version="1.0" encoding="UTF-8"?>
<!-- Generated by org.testng.reporters.JUnitReportReporter -->
<testsuite skipped="0" hostname="Praveens-MacBook-Air.local" name="TestCases.TestHomepage" tests="1" failures="0" timestamp="2021-01-24T23:37:20 IST" time="0.180" errors="0">
  <testcase name="openHomePage" time="0.180" classname="TestCases.TestHomepage"/>
  <system-out/>
</testsuite> <!-- TestCases.TestHomepage -->
